<?xml version="1.0" encoding="UTF-8"?>
<testng-results skipped="0" failed="3" ignored="0" total="17" passed="14">
  <reporter-output>
  </reporter-output>
  <suite name="Surefire suite" duration-ms="279623" started-at="2022-07-20T14:31:50 EET" finished-at="2022-07-20T14:36:29 EET">
    <groups>
      <group name="cucumber">
        <method signature="AbstractTestNGCucumberTests.runScenario(io.cucumber.testng.PickleWrapper,io.cucumber.testng.FeatureWrapper)[pri:0, instance:org.example.testRunner.runners@436e852b]" name="runScenario" class="io.cucumber.testng.AbstractTestNGCucumberTests"/>
      </group> <!-- cucumber -->
    </groups>
    <test name="Surefire test" duration-ms="279623" started-at="2022-07-20T14:31:50 EET" finished-at="2022-07-20T14:36:29 EET">
      <class name="org.example.testRunner.runners">
        <test-method status="PASS" signature="setUpClass(org.testng.ITestContext)[pri:0, instance:org.example.testRunner.runners@436e852b]" name="setUpClass" is-config="true" duration-ms="2178" started-at="2022-07-20T14:31:50 EET" finished-at="2022-07-20T14:31:52 EET">
          <params>
            <param index="0">
              <value>
                <![CDATA[org.testng.TestRunner@bf2aa32]]>
              </value>
            </param>
          </params>
          <reporter-output>
          </reporter-output>
        </test-method> <!-- setUpClass -->
        <test-method status="PASS" signature="runScenario(io.cucumber.testng.PickleWrapper,io.cucumber.testng.FeatureWrapper)[pri:0, instance:org.example.testRunner.runners@436e852b]" name="runScenario" duration-ms="30880" started-at="2022-07-20T14:31:52 EET" description="Runs Cucumber Scenarios" data-provider="scenarios" finished-at="2022-07-20T14:32:23 EET">
          <params>
            <param index="0">
              <value>
                <![CDATA["user register with valid data"]]>
              </value>
            </param>
            <param index="1">
              <value>
                <![CDATA["F01_Register | users could register with new accounts"]]>
              </value>
            </param>
          </params>
          <reporter-output>
          </reporter-output>
        </test-method> <!-- runScenario -->
        <test-method status="PASS" signature="runScenario(io.cucumber.testng.PickleWrapper,io.cucumber.testng.FeatureWrapper)[pri:0, instance:org.example.testRunner.runners@436e852b]" name="runScenario" duration-ms="15095" started-at="2022-07-20T14:32:23 EET" description="Runs Cucumber Scenarios" data-provider="scenarios" finished-at="2022-07-20T14:32:38 EET">
          <params>
            <param index="0">
              <value>
                <![CDATA["user login with valid data"]]>
              </value>
            </param>
            <param index="1">
              <value>
                <![CDATA["F02_Login | user should be able to login to the system"]]>
              </value>
            </param>
          </params>
          <reporter-output>
          </reporter-output>
        </test-method> <!-- runScenario -->
        <test-method status="PASS" signature="runScenario(io.cucumber.testng.PickleWrapper,io.cucumber.testng.FeatureWrapper)[pri:0, instance:org.example.testRunner.runners@436e852b]" name="runScenario" duration-ms="14837" started-at="2022-07-20T14:32:38 EET" description="Runs Cucumber Scenarios" data-provider="scenarios" finished-at="2022-07-20T14:32:53 EET">
          <params>
            <param index="0">
              <value>
                <![CDATA["user login with invalid data"]]>
              </value>
            </param>
            <param index="1">
              <value>
                <![CDATA["F02_Login | user should be able to login to the system"]]>
              </value>
            </param>
          </params>
          <reporter-output>
          </reporter-output>
        </test-method> <!-- runScenario -->
        <test-method status="PASS" signature="runScenario(io.cucumber.testng.PickleWrapper,io.cucumber.testng.FeatureWrapper)[pri:0, instance:org.example.testRunner.runners@436e852b]" name="runScenario" duration-ms="12587" started-at="2022-07-20T14:32:53 EET" description="Runs Cucumber Scenarios" data-provider="scenarios" finished-at="2022-07-20T14:33:05 EET">
          <params>
            <param index="0">
              <value>
                <![CDATA["guest user can choose € currency"]]>
              </value>
            </param>
            <param index="1">
              <value>
                <![CDATA["F03_ChangeCurrency | user could switch between currencies [$, €]"]]>
              </value>
            </param>
          </params>
          <reporter-output>
          </reporter-output>
        </test-method> <!-- runScenario -->
        <test-method status="PASS" signature="runScenario(io.cucumber.testng.PickleWrapper,io.cucumber.testng.FeatureWrapper)[pri:0, instance:org.example.testRunner.runners@436e852b]" name="runScenario" duration-ms="14362" started-at="2022-07-20T14:33:05 EET" description="Runs Cucumber Scenarios" data-provider="scenarios" finished-at="2022-07-20T14:33:20 EET">
          <params>
            <param index="0">
              <value>
                <![CDATA["user could search using product name"]]>
              </value>
            </param>
            <param index="1">
              <value>
                <![CDATA["F04_Search | users will be able to search for products with different parameters"]]>
              </value>
            </param>
          </params>
          <reporter-output>
          </reporter-output>
        </test-method> <!-- runScenario -->
        <test-method status="PASS" signature="runScenario(io.cucumber.testng.PickleWrapper,io.cucumber.testng.FeatureWrapper)[pri:0, instance:org.example.testRunner.runners@436e852b]" name="runScenario" duration-ms="12006" started-at="2022-07-20T14:33:20 EET" description="Runs Cucumber Scenarios" data-provider="scenarios" finished-at="2022-07-20T14:33:32 EET">
          <params>
            <param index="0">
              <value>
                <![CDATA["user search using invalid product name"]]>
              </value>
            </param>
            <param index="1">
              <value>
                <![CDATA["F04_Search | users will be able to search for products with different parameters"]]>
              </value>
            </param>
          </params>
          <reporter-output>
          </reporter-output>
        </test-method> <!-- runScenario -->
        <test-method status="PASS" signature="runScenario(io.cucumber.testng.PickleWrapper,io.cucumber.testng.FeatureWrapper)[pri:0, instance:org.example.testRunner.runners@436e852b]" name="runScenario" duration-ms="12093" started-at="2022-07-20T14:33:32 EET" description="Runs Cucumber Scenarios" data-provider="scenarios" finished-at="2022-07-20T14:33:44 EET">
          <params>
            <param index="0">
              <value>
                <![CDATA["user search using SKU"]]>
              </value>
            </param>
            <param index="1">
              <value>
                <![CDATA["F04_Search | users will be able to search for products with different parameters"]]>
              </value>
            </param>
          </params>
          <reporter-output>
          </reporter-output>
        </test-method> <!-- runScenario -->
        <test-method status="PASS" signature="runScenario(io.cucumber.testng.PickleWrapper,io.cucumber.testng.FeatureWrapper)[pri:0, instance:org.example.testRunner.runners@436e852b]" name="runScenario" duration-ms="14638" started-at="2022-07-20T14:33:44 EET" description="Runs Cucumber Scenarios" data-provider="scenarios" finished-at="2022-07-20T14:33:58 EET">
          <params>
            <param index="0">
              <value>
                <![CDATA["user could hover categories"]]>
              </value>
            </param>
            <param index="1">
              <value>
                <![CDATA["F05_HoverCategories  |  user could hover categories and select sub category"]]>
              </value>
            </param>
          </params>
          <reporter-output>
          </reporter-output>
        </test-method> <!-- runScenario -->
        <test-method status="FAIL" signature="runScenario(io.cucumber.testng.PickleWrapper,io.cucumber.testng.FeatureWrapper)[pri:0, instance:org.example.testRunner.runners@436e852b]" name="runScenario" duration-ms="13891" started-at="2022-07-20T14:33:58 EET" description="Runs Cucumber Scenarios" data-provider="scenarios" finished-at="2022-07-20T14:34:12 EET">
          <params>
            <param index="0">
              <value>
                <![CDATA["First slider clickable on homepage"]]>
              </value>
            </param>
            <param index="1">
              <value>
                <![CDATA["F06_HomeSliders | users will be able to open sliders in home page"]]>
              </value>
            </param>
          </params>
          <exception class="java.lang.AssertionError">
            <message>
              <![CDATA[URL of First Slide expected [https://demo.nopcommerce.com/nokia-lumia-1020] but found [https://demo.nopcommerce.com/]]]>
            </message>
            <full-stacktrace>
              <![CDATA[java.lang.AssertionError: URL of First Slide expected [https://demo.nopcommerce.com/nokia-lumia-1020] but found [https://demo.nopcommerce.com/]
at org.testng.Assert.fail(Assert.java:110)
at org.testng.Assert.failNotEquals(Assert.java:1413)
at org.testng.Assert.assertEqualsImpl(Assert.java:149)
at org.testng.Assert.assertEquals(Assert.java:131)
at org.testng.Assert.assertEquals(Assert.java:655)
at org.example.stepDefs.D06_homeSlidersStepDef.first_slide_displayed(D06_homeSlidersStepDef.java:22)
at ✽.relative product for first slider is displayed(file:///C:/Users/AHMED/IdeaProjects/demonopcommerce/src/main/resources/features/F06_HomeSliders.feature:7)
]]>
            </full-stacktrace>
          </exception> <!-- java.lang.AssertionError -->
          <reporter-output>
          </reporter-output>
        </test-method> <!-- runScenario -->
        <test-method status="FAIL" signature="runScenario(io.cucumber.testng.PickleWrapper,io.cucumber.testng.FeatureWrapper)[pri:0, instance:org.example.testRunner.runners@436e852b]" name="runScenario" duration-ms="12703" started-at="2022-07-20T14:34:12 EET" description="Runs Cucumber Scenarios" data-provider="scenarios" finished-at="2022-07-20T14:34:25 EET">
          <params>
            <param index="0">
              <value>
                <![CDATA["Second slider clickable on homepage"]]>
              </value>
            </param>
            <param index="1">
              <value>
                <![CDATA["F06_HomeSliders | users will be able to open sliders in home page"]]>
              </value>
            </param>
          </params>
          <exception class="java.lang.AssertionError">
            <message>
              <![CDATA[URL of Second Slide expected [https://demo.nopcommerce.com/iphone-6] but found [https://demo.nopcommerce.com/]]]>
            </message>
            <full-stacktrace>
              <![CDATA[java.lang.AssertionError: URL of Second Slide expected [https://demo.nopcommerce.com/iphone-6] but found [https://demo.nopcommerce.com/]
at org.testng.Assert.fail(Assert.java:110)
at org.testng.Assert.failNotEquals(Assert.java:1413)
at org.testng.Assert.assertEqualsImpl(Assert.java:149)
at org.testng.Assert.assertEquals(Assert.java:131)
at org.testng.Assert.assertEquals(Assert.java:655)
at org.example.stepDefs.D06_homeSlidersStepDef.second_slide_displayed(D06_homeSlidersStepDef.java:36)
at ✽.relative product for second slider is displayed(file:///C:/Users/AHMED/IdeaProjects/demonopcommerce/src/main/resources/features/F06_HomeSliders.feature:12)
]]>
            </full-stacktrace>
          </exception> <!-- java.lang.AssertionError -->
          <reporter-output>
          </reporter-output>
        </test-method> <!-- runScenario -->
        <test-method status="PASS" signature="runScenario(io.cucumber.testng.PickleWrapper,io.cucumber.testng.FeatureWrapper)[pri:0, instance:org.example.testRunner.runners@436e852b]" name="runScenario" duration-ms="19240" started-at="2022-07-20T14:34:25 EET" description="Runs Cucumber Scenarios" data-provider="scenarios" finished-at="2022-07-20T14:34:44 EET">
          <params>
            <param index="0">
              <value>
                <![CDATA["user opens facebook link"]]>
              </value>
            </param>
            <param index="1">
              <value>
                <![CDATA["F07_FollowUs | users could open followUs links"]]>
              </value>
            </param>
          </params>
          <reporter-output>
          </reporter-output>
        </test-method> <!-- runScenario -->
        <test-method status="PASS" signature="runScenario(io.cucumber.testng.PickleWrapper,io.cucumber.testng.FeatureWrapper)[pri:0, instance:org.example.testRunner.runners@436e852b]" name="runScenario" duration-ms="17863" started-at="2022-07-20T14:34:44 EET" description="Runs Cucumber Scenarios" data-provider="scenarios" finished-at="2022-07-20T14:35:02 EET">
          <params>
            <param index="0">
              <value>
                <![CDATA["user opens twitter link"]]>
              </value>
            </param>
            <param index="1">
              <value>
                <![CDATA["F07_FollowUs | users could open followUs links"]]>
              </value>
            </param>
          </params>
          <reporter-output>
          </reporter-output>
        </test-method> <!-- runScenario -->
        <test-method status="FAIL" signature="runScenario(io.cucumber.testng.PickleWrapper,io.cucumber.testng.FeatureWrapper)[pri:0, instance:org.example.testRunner.runners@436e852b]" name="runScenario" duration-ms="17084" started-at="2022-07-20T14:35:02 EET" description="Runs Cucumber Scenarios" data-provider="scenarios" finished-at="2022-07-20T14:35:19 EET">
          <params>
            <param index="0">
              <value>
                <![CDATA["user opens rss link"]]>
              </value>
            </param>
            <param index="1">
              <value>
                <![CDATA["F07_FollowUs | users could open followUs links"]]>
              </value>
            </param>
          </params>
          <exception class="java.lang.IndexOutOfBoundsException">
            <message>
              <![CDATA[Index: 1, Size: 1]]>
            </message>
            <full-stacktrace>
              <![CDATA[java.lang.IndexOutOfBoundsException: Index: 1, Size: 1
at java.util.ArrayList.rangeCheck(ArrayList.java:659)
at java.util.ArrayList.get(ArrayList.java:435)
at org.example.stepDefs.D07_followUsStepDef.opens_new_tab(D07_followUsStepDef.java:22)
at ✽."https://demo.nopcommerce.com/new-online-store-is-open" is opened in new tab(file:///C:/Users/AHMED/IdeaProjects/demonopcommerce/src/main/resources/features/F07_followUs.feature:23)
]]>
            </full-stacktrace>
          </exception> <!-- java.lang.IndexOutOfBoundsException -->
          <reporter-output>
          </reporter-output>
        </test-method> <!-- runScenario -->
        <test-method status="PASS" signature="runScenario(io.cucumber.testng.PickleWrapper,io.cucumber.testng.FeatureWrapper)[pri:0, instance:org.example.testRunner.runners@436e852b]" name="runScenario" duration-ms="19716" started-at="2022-07-20T14:35:19 EET" description="Runs Cucumber Scenarios" data-provider="scenarios" finished-at="2022-07-20T14:35:39 EET">
          <params>
            <param index="0">
              <value>
                <![CDATA["user opens youtube link"]]>
              </value>
            </param>
            <param index="1">
              <value>
                <![CDATA["F07_FollowUs | users could open followUs links"]]>
              </value>
            </param>
          </params>
          <reporter-output>
          </reporter-output>
        </test-method> <!-- runScenario -->
        <test-method status="PASS" signature="runScenario(io.cucumber.testng.PickleWrapper,io.cucumber.testng.FeatureWrapper)[pri:0, instance:org.example.testRunner.runners@436e852b]" name="runScenario" duration-ms="15501" started-at="2022-07-20T14:35:39 EET" description="Runs Cucumber Scenarios" data-provider="scenarios" finished-at="2022-07-20T14:35:54 EET">
          <params>
            <param index="0">
              <value>
                <![CDATA["success message is visible after adding item to wishlist"]]>
              </value>
            </param>
            <param index="1">
              <value>
                <![CDATA["F08_WishList  |  guest user could add products to wishlist"]]>
              </value>
            </param>
          </params>
          <reporter-output>
          </reporter-output>
        </test-method> <!-- runScenario -->
        <test-method status="PASS" signature="runScenario(io.cucumber.testng.PickleWrapper,io.cucumber.testng.FeatureWrapper)[pri:0, instance:org.example.testRunner.runners@436e852b]" name="runScenario" duration-ms="15916" started-at="2022-07-20T14:35:54 EET" description="Runs Cucumber Scenarios" data-provider="scenarios" finished-at="2022-07-20T14:36:10 EET">
          <params>
            <param index="0">
              <value>
                <![CDATA["number of wishlist items in home page is increased"]]>
              </value>
            </param>
            <param index="1">
              <value>
                <![CDATA["F08_WishList  |  guest user could add products to wishlist"]]>
              </value>
            </param>
          </params>
          <reporter-output>
          </reporter-output>
        </test-method> <!-- runScenario -->
        <test-method status="PASS" signature="runScenario(io.cucumber.testng.PickleWrapper,io.cucumber.testng.FeatureWrapper)[pri:0, instance:org.example.testRunner.runners@436e852b]" name="runScenario" duration-ms="17437" started-at="2022-07-20T14:36:10 EET" description="Runs Cucumber Scenarios" data-provider="scenarios" finished-at="2022-07-20T14:36:28 EET">
          <params>
            <param index="0">
              <value>
                <![CDATA["added items are displayed on wishlist"]]>
              </value>
            </param>
            <param index="1">
              <value>
                <![CDATA["F08_WishList  |  guest user could add products to wishlist"]]>
              </value>
            </param>
          </params>
          <reporter-output>
          </reporter-output>
        </test-method> <!-- runScenario -->
        <test-method status="PASS" signature="tearDownClass()[pri:0, instance:org.example.testRunner.runners@436e852b]" name="tearDownClass" is-config="true" duration-ms="1386" started-at="2022-07-20T14:36:28 EET" finished-at="2022-07-20T14:36:29 EET">
          <reporter-output>
          </reporter-output>
        </test-method> <!-- tearDownClass -->
      </class> <!-- org.example.testRunner.runners -->
    </test> <!-- Surefire test -->
  </suite> <!-- Surefire suite -->
</testng-results>
